<?xml version="1.0" encoding="UTF-8"?>
<!-- Generated by org.testng.reporters.JUnitReportReporter -->
<testsuite hostname="BLR-764N0F3-L" failures="0" tests="1" name="Login" time="2.020" errors="0" timestamp="2021-09-10T11:27:47 IST" skipped="0">
  <testcase classname="Login" name="Login_method" time="2.020"/>
  <system-out/>
</testsuite> <!-- Login -->
